D:\Documents and Settings\huguangli\My Documents\Visual Studio 2010\projects\MTGame\Debug.win32\MTGame.win32.pdb
D:\DOCUMENTS AND SETTINGS\HUGUANGLI\MY DOCUMENTS\VISUAL STUDIO 2010\PROJECTS\MTGAME\MTGAME\PROJ.WIN32\DEBUG.WIN32\ANIMATIONMANAGER.OBJ
D:\DOCUMENTS AND SETTINGS\HUGUANGLI\MY DOCUMENTS\VISUAL STUDIO 2010\PROJECTS\MTGAME\MTGAME\PROJ.WIN32\DEBUG.WIN32\APPDELEGATE.OBJ
D:\Documents and Settings\huguangli\My Documents\Visual Studio 2010\projects\MTGame\MTGame\proj.win32\Debug.win32\cl.command.1.tlog
D:\Documents and Settings\huguangli\My Documents\Visual Studio 2010\projects\MTGame\MTGame\proj.win32\Debug.win32\CL.read.1.tlog
D:\Documents and Settings\huguangli\My Documents\Visual Studio 2010\projects\MTGame\MTGame\proj.win32\Debug.win32\CL.write.1.tlog
D:\DOCUMENTS AND SETTINGS\HUGUANGLI\MY DOCUMENTS\VISUAL STUDIO 2010\PROJECTS\MTGAME\MTGAME\PROJ.WIN32\DEBUG.WIN32\CONTROLLAYER.OBJ
D:\DOCUMENTS AND SETTINGS\HUGUANGLI\MY DOCUMENTS\VISUAL STUDIO 2010\PROJECTS\MTGAME\MTGAME\PROJ.WIN32\DEBUG.WIN32\ENEMY.OBJ
D:\DOCUMENTS AND SETTINGS\HUGUANGLI\MY DOCUMENTS\VISUAL STUDIO 2010\PROJECTS\MTGAME\MTGAME\PROJ.WIN32\DEBUG.WIN32\GAMELAYER.OBJ
D:\DOCUMENTS AND SETTINGS\HUGUANGLI\MY DOCUMENTS\VISUAL STUDIO 2010\PROJECTS\MTGAME\MTGAME\PROJ.WIN32\DEBUG.WIN32\GAMEMAP.OBJ
D:\DOCUMENTS AND SETTINGS\HUGUANGLI\MY DOCUMENTS\VISUAL STUDIO 2010\PROJECTS\MTGAME\MTGAME\PROJ.WIN32\DEBUG.WIN32\GAMESCENE.OBJ
D:\DOCUMENTS AND SETTINGS\HUGUANGLI\MY DOCUMENTS\VISUAL STUDIO 2010\PROJECTS\MTGAME\MTGAME\PROJ.WIN32\DEBUG.WIN32\GLOBAL.OBJ
D:\DOCUMENTS AND SETTINGS\HUGUANGLI\MY DOCUMENTS\VISUAL STUDIO 2010\PROJECTS\MTGAME\MTGAME\PROJ.WIN32\DEBUG.WIN32\HELLOWORLDSCENE.OBJ
D:\DOCUMENTS AND SETTINGS\HUGUANGLI\MY DOCUMENTS\VISUAL STUDIO 2010\PROJECTS\MTGAME\MTGAME\PROJ.WIN32\DEBUG.WIN32\HERO.OBJ
D:\Documents and Settings\huguangli\My Documents\Visual Studio 2010\projects\MTGame\MTGame\proj.win32\Debug.win32\link.1700.read.1.tlog
D:\Documents and Settings\huguangli\My Documents\Visual Studio 2010\projects\MTGame\MTGame\proj.win32\Debug.win32\link.1700.write.1.tlog
D:\Documents and Settings\huguangli\My Documents\Visual Studio 2010\projects\MTGame\MTGame\proj.win32\Debug.win32\link.1700-cvtres.read.1.tlog
D:\Documents and Settings\huguangli\My Documents\Visual Studio 2010\projects\MTGame\MTGame\proj.win32\Debug.win32\link.1700-cvtres.write.1.tlog
D:\Documents and Settings\huguangli\My Documents\Visual Studio 2010\projects\MTGame\MTGame\proj.win32\Debug.win32\link.2856.read.1.tlog
D:\Documents and Settings\huguangli\My Documents\Visual Studio 2010\projects\MTGame\MTGame\proj.win32\Debug.win32\link.2856.write.1.tlog
D:\Documents and Settings\huguangli\My Documents\Visual Studio 2010\projects\MTGame\MTGame\proj.win32\Debug.win32\link.2856-cvtres.read.1.tlog
D:\Documents and Settings\huguangli\My Documents\Visual Studio 2010\projects\MTGame\MTGame\proj.win32\Debug.win32\link.2856-cvtres.write.1.tlog
D:\Documents and Settings\huguangli\My Documents\Visual Studio 2010\projects\MTGame\MTGame\proj.win32\Debug.win32\link.3396.read.1.tlog
D:\Documents and Settings\huguangli\My Documents\Visual Studio 2010\projects\MTGame\MTGame\proj.win32\Debug.win32\link.3396.write.1.tlog
D:\Documents and Settings\huguangli\My Documents\Visual Studio 2010\projects\MTGame\MTGame\proj.win32\Debug.win32\link.3396-cvtres.read.1.tlog
D:\Documents and Settings\huguangli\My Documents\Visual Studio 2010\projects\MTGame\MTGame\proj.win32\Debug.win32\link.3396-cvtres.write.1.tlog
D:\Documents and Settings\huguangli\My Documents\Visual Studio 2010\projects\MTGame\MTGame\proj.win32\Debug.win32\link.4140.read.1.tlog
D:\Documents and Settings\huguangli\My Documents\Visual Studio 2010\projects\MTGame\MTGame\proj.win32\Debug.win32\link.4140.write.1.tlog
D:\Documents and Settings\huguangli\My Documents\Visual Studio 2010\projects\MTGame\MTGame\proj.win32\Debug.win32\link.4140-cvtres.read.1.tlog
D:\Documents and Settings\huguangli\My Documents\Visual Studio 2010\projects\MTGame\MTGame\proj.win32\Debug.win32\link.4140-cvtres.write.1.tlog
D:\Documents and Settings\huguangli\My Documents\Visual Studio 2010\projects\MTGame\MTGame\proj.win32\Debug.win32\link.4500.read.1.tlog
D:\Documents and Settings\huguangli\My Documents\Visual Studio 2010\projects\MTGame\MTGame\proj.win32\Debug.win32\link.4500.write.1.tlog
D:\Documents and Settings\huguangli\My Documents\Visual Studio 2010\projects\MTGame\MTGame\proj.win32\Debug.win32\link.4500-cvtres.read.1.tlog
D:\Documents and Settings\huguangli\My Documents\Visual Studio 2010\projects\MTGame\MTGame\proj.win32\Debug.win32\link.4500-cvtres.write.1.tlog
D:\Documents and Settings\huguangli\My Documents\Visual Studio 2010\projects\MTGame\MTGame\proj.win32\Debug.win32\link.5140.read.1.tlog
D:\Documents and Settings\huguangli\My Documents\Visual Studio 2010\projects\MTGame\MTGame\proj.win32\Debug.win32\link.5140.write.1.tlog
D:\Documents and Settings\huguangli\My Documents\Visual Studio 2010\projects\MTGame\MTGame\proj.win32\Debug.win32\link.5140-cvtres.read.1.tlog
D:\Documents and Settings\huguangli\My Documents\Visual Studio 2010\projects\MTGame\MTGame\proj.win32\Debug.win32\link.5140-cvtres.write.1.tlog
D:\Documents and Settings\huguangli\My Documents\Visual Studio 2010\projects\MTGame\MTGame\proj.win32\Debug.win32\link.5372.read.1.tlog
D:\Documents and Settings\huguangli\My Documents\Visual Studio 2010\projects\MTGame\MTGame\proj.win32\Debug.win32\link.5372.write.1.tlog
D:\Documents and Settings\huguangli\My Documents\Visual Studio 2010\projects\MTGame\MTGame\proj.win32\Debug.win32\link.5372-cvtres.read.1.tlog
D:\Documents and Settings\huguangli\My Documents\Visual Studio 2010\projects\MTGame\MTGame\proj.win32\Debug.win32\link.5372-cvtres.write.1.tlog
D:\Documents and Settings\huguangli\My Documents\Visual Studio 2010\projects\MTGame\MTGame\proj.win32\Debug.win32\link.5852.read.1.tlog
D:\Documents and Settings\huguangli\My Documents\Visual Studio 2010\projects\MTGame\MTGame\proj.win32\Debug.win32\link.5852.write.1.tlog
D:\Documents and Settings\huguangli\My Documents\Visual Studio 2010\projects\MTGame\MTGame\proj.win32\Debug.win32\link.5852-cvtres.read.1.tlog
D:\Documents and Settings\huguangli\My Documents\Visual Studio 2010\projects\MTGame\MTGame\proj.win32\Debug.win32\link.5852-cvtres.write.1.tlog
D:\Documents and Settings\huguangli\My Documents\Visual Studio 2010\projects\MTGame\MTGame\proj.win32\Debug.win32\link.6132.read.1.tlog
D:\Documents and Settings\huguangli\My Documents\Visual Studio 2010\projects\MTGame\MTGame\proj.win32\Debug.win32\link.6132.write.1.tlog
D:\Documents and Settings\huguangli\My Documents\Visual Studio 2010\projects\MTGame\MTGame\proj.win32\Debug.win32\link.6132-cvtres.read.1.tlog
D:\Documents and Settings\huguangli\My Documents\Visual Studio 2010\projects\MTGame\MTGame\proj.win32\Debug.win32\link.6132-cvtres.write.1.tlog
D:\Documents and Settings\huguangli\My Documents\Visual Studio 2010\projects\MTGame\MTGame\proj.win32\Debug.win32\link.6324.read.1.tlog
D:\Documents and Settings\huguangli\My Documents\Visual Studio 2010\projects\MTGame\MTGame\proj.win32\Debug.win32\link.6324.write.1.tlog
D:\Documents and Settings\huguangli\My Documents\Visual Studio 2010\projects\MTGame\MTGame\proj.win32\Debug.win32\link.6324-cvtres.read.1.tlog
D:\Documents and Settings\huguangli\My Documents\Visual Studio 2010\projects\MTGame\MTGame\proj.win32\Debug.win32\link.6324-cvtres.write.1.tlog
D:\Documents and Settings\huguangli\My Documents\Visual Studio 2010\projects\MTGame\MTGame\proj.win32\Debug.win32\link.7312.read.1.tlog
D:\Documents and Settings\huguangli\My Documents\Visual Studio 2010\projects\MTGame\MTGame\proj.win32\Debug.win32\link.7312.write.1.tlog
D:\Documents and Settings\huguangli\My Documents\Visual Studio 2010\projects\MTGame\MTGame\proj.win32\Debug.win32\link.7312-cvtres.read.1.tlog
D:\Documents and Settings\huguangli\My Documents\Visual Studio 2010\projects\MTGame\MTGame\proj.win32\Debug.win32\link.7312-cvtres.write.1.tlog
D:\Documents and Settings\huguangli\My Documents\Visual Studio 2010\projects\MTGame\MTGame\proj.win32\Debug.win32\link.7588.read.1.tlog
D:\Documents and Settings\huguangli\My Documents\Visual Studio 2010\projects\MTGame\MTGame\proj.win32\Debug.win32\link.7588.write.1.tlog
D:\Documents and Settings\huguangli\My Documents\Visual Studio 2010\projects\MTGame\MTGame\proj.win32\Debug.win32\link.7588-cvtres.read.1.tlog
D:\Documents and Settings\huguangli\My Documents\Visual Studio 2010\projects\MTGame\MTGame\proj.win32\Debug.win32\link.7588-cvtres.write.1.tlog
D:\Documents and Settings\huguangli\My Documents\Visual Studio 2010\projects\MTGame\MTGame\proj.win32\Debug.win32\link.command.1.tlog
D:\Documents and Settings\huguangli\My Documents\Visual Studio 2010\projects\MTGame\MTGame\proj.win32\Debug.win32\link.read.1.tlog
D:\Documents and Settings\huguangli\My Documents\Visual Studio 2010\projects\MTGame\MTGame\proj.win32\Debug.win32\link.write.1.tlog
D:\Documents and Settings\huguangli\My Documents\Visual Studio 2010\projects\MTGame\MTGame\proj.win32\Debug.win32\link-cvtres.read.1.tlog
D:\Documents and Settings\huguangli\My Documents\Visual Studio 2010\projects\MTGame\MTGame\proj.win32\Debug.win32\link-cvtres.write.1.tlog
D:\DOCUMENTS AND SETTINGS\HUGUANGLI\MY DOCUMENTS\VISUAL STUDIO 2010\PROJECTS\MTGAME\MTGAME\PROJ.WIN32\DEBUG.WIN32\MAIN.OBJ
D:\Documents and Settings\huguangli\My Documents\Visual Studio 2010\projects\MTGame\MTGame\proj.win32\Debug.win32\mt.command.1.tlog
D:\Documents and Settings\huguangli\My Documents\Visual Studio 2010\projects\MTGame\MTGame\proj.win32\Debug.win32\mt.read.1.tlog
D:\Documents and Settings\huguangli\My Documents\Visual Studio 2010\projects\MTGame\MTGame\proj.win32\Debug.win32\mt.write.1.tlog
D:\DOCUMENTS AND SETTINGS\HUGUANGLI\MY DOCUMENTS\VISUAL STUDIO 2010\PROJECTS\MTGAME\MTGAME\PROJ.WIN32\DEBUG.WIN32\MTGAME.RES
D:\DOCUMENTS AND SETTINGS\HUGUANGLI\MY DOCUMENTS\VISUAL STUDIO 2010\PROJECTS\MTGAME\MTGAME\PROJ.WIN32\DEBUG.WIN32\MTGAME.WIN32.EXE.EMBED.MANIFEST
D:\DOCUMENTS AND SETTINGS\HUGUANGLI\MY DOCUMENTS\VISUAL STUDIO 2010\PROJECTS\MTGAME\MTGAME\PROJ.WIN32\DEBUG.WIN32\MTGAME.WIN32.EXE.EMBED.MANIFEST.RES
D:\Documents and Settings\huguangli\My Documents\Visual Studio 2010\projects\MTGame\MTGame\proj.win32\Debug.win32\MTGame.win32.exe.intermediate.manifest
D:\Documents and Settings\huguangli\My Documents\Visual Studio 2010\projects\MTGame\MTGame\proj.win32\Debug.win32\MTGame.win32_manifest.rc
D:\DOCUMENTS AND SETTINGS\HUGUANGLI\MY DOCUMENTS\VISUAL STUDIO 2010\PROJECTS\MTGAME\MTGAME\PROJ.WIN32\DEBUG.WIN32\NPC.OBJ
D:\Documents and Settings\huguangli\My Documents\Visual Studio 2010\projects\MTGame\MTGame\proj.win32\Debug.win32\rc.command.1.tlog
D:\Documents and Settings\huguangli\My Documents\Visual Studio 2010\projects\MTGame\MTGame\proj.win32\Debug.win32\rc.read.1.tlog
D:\Documents and Settings\huguangli\My Documents\Visual Studio 2010\projects\MTGame\MTGame\proj.win32\Debug.win32\rc.write.1.tlog
D:\DOCUMENTS AND SETTINGS\HUGUANGLI\MY DOCUMENTS\VISUAL STUDIO 2010\PROJECTS\MTGAME\MTGAME\PROJ.WIN32\DEBUG.WIN32\TELEPORT.OBJ
D:\Documents and Settings\huguangli\My Documents\Visual Studio 2010\projects\MTGame\MTGame\proj.win32\Debug.win32\vc100.idb
D:\DOCUMENTS AND SETTINGS\HUGUANGLI\MY DOCUMENTS\VISUAL STUDIO 2010\PROJECTS\MTGAME\MTGAME\PROJ.WIN32\DEBUG.WIN32\VC100.PDB
