Build started 2013-10-12 14:06:37.
     1>Project "D:\Documents and Settings\huguangli\My Documents\Visual Studio 2010\projects\MTGame\MTGame\proj.win32\MTGame.win32.vcxproj" on node 2 (build target(s)).
     1>InitializeBuildStatus:
         Creating "Debug.win32\MTGame.win32.unsuccessfulbuild" because "AlwaysCreate" was specified.
       ClCompile:
         C:\WINDOWS\system32\CL.exe /c /I. /I..\Classes /I"D:\Documents and Settings\huguangli\My Documents\Visual Studio 2010\projects\MTGame\cocos2dx" /I"D:\Documents and Settings\huguangli\My Documents\Visual Studio 2010\projects\MTGame\cocos2dx\include" /I"D:\Documents and Settings\huguangli\My Documents\Visual Studio 2010\projects\MTGame\cocos2dx\kazmath\include" /I"D:\Documents and Settings\huguangli\My Documents\Visual Studio 2010\projects\MTGame\cocos2dx\platform\win32" /I"D:\Documents and Settings\huguangli\My Documents\Visual Studio 2010\projects\MTGame\cocos2dx\platform\third_party\win32" /I"D:\Documents and Settings\huguangli\My Documents\Visual Studio 2010\projects\MTGame\cocos2dx\platform\third_party\win32\OGLES" /ZI /nologo /W3 /WX- /Od /Oy- /D WIN32 /D _WINDOWS /D STRICT /D _CRT_SECURE_NO_WARNINGS /D _SCL_SECURE_NO_WARNINGS_DEBUG /D COCOS2D_DEBUG=1 /D _UNICODE /D UNICODE /Gm /EHsc /RTC1 /MDd /GS /fp:precise /Zc:wchar_t /Zc:forScope /Fo"Debug.win32\\" /Fd"Debug.win32\vc100.pdb" /Gd /TP /wd4267 /wd4251 /wd4244 /analyze- /errorReport:prompt ..\Classes\AppDelegate.cpp
         AppDelegate.cpp
       ResourceCompile:
         All outputs are up-to-date.
       ManifestResourceCompile:
         All outputs are up-to-date.
       Link:
         D:\Program Files\Microsoft Visual Studio 10.0\VC\bin\link.exe /ERRORREPORT:PROMPT /OUT:"D:\Documents and Settings\huguangli\My Documents\Visual Studio 2010\projects\MTGame\Debug.win32\MTGame.win32.exe" /INCREMENTAL /NOLOGO /LIBPATH:"D:\Documents and Settings\huguangli\My Documents\Visual Studio 2010\projects\MTGame\Debug.win32\\" libcocos2d.lib opengl32.lib glew32.lib kernel32.lib user32.lib gdi32.lib winspool.lib comdlg32.lib advapi32.lib shell32.lib ole32.lib oleaut32.lib uuid.lib odbc32.lib odbccp32.lib /MANIFEST /ManifestFile:"Debug.win32\MTGame.win32.exe.intermediate.manifest" /MANIFESTUAC:"level='asInvoker' uiAccess='false'" /DEBUG /PDB:"D:\Documents and Settings\huguangli\My Documents\Visual Studio 2010\projects\MTGame\Debug.win32\MTGame.win32.pdb" /SUBSYSTEM:WINDOWS /TLBID:1 /DYNAMICBASE /NXCOMPAT /IMPLIB:"D:\Documents and Settings\huguangli\My Documents\Visual Studio 2010\projects\MTGame\Debug.win32\MTGame.win32.lib" /MACHINE:X86 Debug.win32\MTGame.res
         Debug.win32\MTGame.win32.exe.embed.manifest.res
         Debug.win32\AppDelegate.obj
         Debug.win32\Enemy.obj
         Debug.win32\GameMap.obj
         Debug.win32\Hero.obj
         Debug.win32\NPC.obj
         Debug.win32\Teleport.obj
         Debug.win32\ControlLayer.obj
         Debug.win32\GameLayer.obj
         Debug.win32\GameScene.obj
         Debug.win32\HelloWorldScene.obj
         Debug.win32\AnimationManager.obj
         Debug.win32\Global.obj
         Debug.win32\main.obj
       Manifest:
         C:\Program Files\Microsoft SDKs\Windows\v7.0A\bin\mt.exe /nologo /verbose /out:"Debug.win32\MTGame.win32.exe.embed.manifest" /manifest Debug.win32\MTGame.win32.exe.intermediate.manifest
         All outputs are up-to-date.
       LinkEmbedManifest:
         All outputs are up-to-date.
         MTGame.win32.vcxproj -> D:\Documents and Settings\huguangli\My Documents\Visual Studio 2010\projects\MTGame\Debug.win32\MTGame.win32.exe
       FinalizeBuildStatus:
         Deleting file "Debug.win32\MTGame.win32.unsuccessfulbuild".
         Touching "Debug.win32\MTGame.win32.lastbuildstate".
     1>Done Building Project "D:\Documents and Settings\huguangli\My Documents\Visual Studio 2010\projects\MTGame\MTGame\proj.win32\MTGame.win32.vcxproj" (build target(s)).

Build succeeded.

Time Elapsed 00:00:03.87
